#
# A fatal error has been detected by the Java Runtime Environment:
#
#  Internal Error (javaCalls.cpp:51), pid=3311, tid=13315
#  guarantee(thread->is_Java_thread()) failed: crucial check - the VM thread cannot and must not escape to Java code
#
# JRE version: Java(TM) SE Runtime Environment (8.0_60-b27) (build 1.8.0_60-b27)
# Java VM: Java HotSpot(TM) 64-Bit Server VM (25.60-b23 mixed mode bsd-amd64 compressed oops)
# Failed to write core dump. Core dumps have been disabled. To enable core dumping, try "ulimit -c unlimited" before starting Java again
#
# If you would like to submit a bug report, please visit:
#   http://bugreport.java.com/bugreport/crash.jsp
#

---------------  T H R E A D  ---------------

Current thread (0x00007f8dcc031800):  VMThread [stack: 0x0000700000a35000,0x0000700000b35000] [id=13315]

Stack: [0x0000700000a35000,0x0000700000b35000],  sp=0x0000700000b33b00,  free space=1018k
Native frames: (J=compiled Java code, j=interpreted, Vv=VM code, C=native code)
V  [libjvm.dylib+0x5a6522]  VMError::report_and_die()+0x3f8
V  [libjvm.dylib+0x1e6843]  report_vm_error(char const*, int, char const*, char const*)+0x54
V  [libjvm.dylib+0x2ea1b0]  JavaCallWrapper::JavaCallWrapper(methodHandle, Handle, JavaValue*, Thread*)+0x64
V  [libjvm.dylib+0x2eaa68]  JavaCalls::call_helper(JavaValue*, methodHandle*, JavaCallArguments*, Thread*)+0x608
V  [libjvm.dylib+0x2eaf86]  JavaCalls::call_special(JavaValue*, KlassHandle, Symbol*, Symbol*, JavaCallArguments*, Thread*)+0xfc
V  [libjvm.dylib+0x2406f7]  Exceptions::new_exception(Thread*, Symbol*, Symbol*, JavaCallArguments*, Handle, Handle)+0xc7
V  [libjvm.dylib+0x2407f2]  Exceptions::new_exception(Thread*, Symbol*, Symbol*, JavaCallArguments*, Handle, Handle, Handle)+0x28
V  [libjvm.dylib+0x240a51]  Exceptions::new_exception(Thread*, Symbol*, char const*, Handle, Handle, Handle, Exceptions::ExceptionMsgToUtf8Mode)+0x169
V  [libjvm.dylib+0x240a6c]  Exceptions::new_exception(Thread*, Symbol*, char const*, Exceptions::ExceptionMsgToUtf8Mode)+0x18
V  [libjvm.dylib+0x2836fb]  GenerateOopMap::verify_error(char const*, ...)+0xed
V  [libjvm.dylib+0x283bc7]  GenerateOopMap::set_var(int, CellTypeState)+0x1f
V  [libjvm.dylib+0x283c15]  GenerateOopMap::do_astore(int)+0x3f
V  [libjvm.dylib+0x286360]  GenerateOopMap::interp_bb(BasicBlock*)+0x104
V  [libjvm.dylib+0x2865af]  GenerateOopMap::interp_all()+0x31
V  [libjvm.dylib+0x286b46]  GenerateOopMap::do_interpretation()+0x44
V  [libjvm.dylib+0x286f5f]  GenerateOopMap::compute_map(Thread*)+0x1fb
V  [libjvm.dylib+0x47a48d]  OopMapForCacheEntry::compute_map(Thread*)+0x8f
V  [libjvm.dylib+0x47a696]  OopMapCacheEntry::fill(methodHandle, int)+0x19e
V  [libjvm.dylib+0x47abc9]  OopMapCache::lookup(methodHandle, int, InterpreterOopMap*) const+0x2f7
V  [libjvm.dylib+0x2bdb1c]  InstanceKlass::mask_for(methodHandle, int, InterpreterOopMap*)+0xd2
V  [libjvm.dylib+0x448be9]  Method::mask_for(int, InterpreterOopMap*)+0xb3
V  [libjvm.dylib+0x39536b]  VM_GetOrSetLocal::doit()+0x47
V  [libjvm.dylib+0x5ae00d]  VM_Operation::evaluate()+0x4f
V  [libjvm.dylib+0x5ac677]  VMThread::evaluate_operation(VM_Operation*)+0xdf
V  [libjvm.dylib+0x5acac4]  VMThread::loop()+0x328
V  [libjvm.dylib+0x5ac3e3]  VMThread::run()+0x79
V  [libjvm.dylib+0x48343a]  java_start(Thread*)+0xf6
C  [libsystem_pthread.dylib+0x3c13]  _pthread_body+0x83
C  [libsystem_pthread.dylib+0x3b90]  _pthread_body+0x0
C  [libsystem_pthread.dylib+0x1375]  thread_start+0xd

VM_Operation (0x0000700000fc3958): GetOrSetLocal, mode: safepoint, requested by thread 0x00007f8dca02c800


---------------  P R O C E S S  ---------------

Java Threads: ( => current thread )
  0x00007f8dcb0d3000 JavaThread "qtp1037324811-43" [_thread_in_native, id=26631, stack(0x0000700001b13000,0x0000700001c13000)]
  0x00007f8dcc1ff000 JavaThread "qtp1037324811-40" [_thread_blocked, id=5131, stack(0x00007000017df000,0x00007000018df000)]
  0x00007f8dcb2fe000 JavaThread "derby.rawStoreDaemon" daemon [_thread_blocked, id=32771, stack(0x000070000293d000,0x0000700002a3d000)]
  0x00007f8dcb846000 JavaThread "Timer-0" daemon [_thread_blocked, id=31751, stack(0x000070000283a000,0x000070000293a000)]
  0x00007f8dcba0d800 JavaThread "Scheduler-868737467" [_thread_blocked, id=15623, stack(0x0000700002737000,0x0000700002837000)]
  0x00007f8dcb326800 JavaThread "qtp1037324811-32" [_thread_in_native, id=32259, stack(0x0000700002634000,0x0000700002734000)]
  0x00007f8dca8bb800 JavaThread "qtp1037324811-30-acceptor-0@42c3f21f-ServerConnector@46fc7e9f{HTTP/1.1,[http/1.1]}{localhost:51989}" [_thread_in_native, id=31235, stack(0x000070000242e000,0x000070000252e000)]
  0x00007f8dce018000 JavaThread "qtp1037324811-29" [_thread_in_native, id=30723, stack(0x000070000232b000,0x000070000242b000)]
  0x00007f8dce021000 JavaThread "org.eclipse.jetty.server.session.HashSessionManager@4ce7fffaTimer" daemon [_thread_blocked, id=30211, stack(0x0000700002228000,0x0000700002328000)]
  0x00007f8dcb1b2000 JavaThread "qtp1037324811-27" [_thread_in_native, id=29699, stack(0x0000700002125000,0x0000700002225000)]
  0x00007f8dcb2fc800 JavaThread "qtp1037324811-26" [_thread_in_native, id=29187, stack(0x0000700002022000,0x0000700002122000)]
  0x00007f8dcbaea800 JavaThread "qtp1037324811-25" [_thread_in_native, id=28675, stack(0x0000700001f1f000,0x000070000201f000)]
  0x00007f8dcb2de800 JavaThread "qtp1037324811-24-acceptor-0@771dafdd-ServerConnector@79da4f4e{HTTP/1.1,[http/1.1]}{0.0.0.0:8080}" [_thread_in_native, id=28163, stack(0x0000700001e1c000,0x0000700001f1c000)]
  0x00007f8dce020800 JavaThread "qtp1037324811-23" [_thread_blocked, id=27651, stack(0x0000700001d19000,0x0000700001e19000)]
  0x00007f8dcc435800 JavaThread "qtp1037324811-22" [_thread_in_native, id=27139, stack(0x0000700001c16000,0x0000700001d16000)]
  0x00007f8dcc42d000 JavaThread "qtp1037324811-20" [_thread_in_native, id=26119, stack(0x0000700001a10000,0x0000700001b10000)]
  0x00007f8dcb2f9800 JavaThread "Thread-2" [_thread_blocked, id=25871, stack(0x000070000190d000,0x0000700001a0d000)]
  0x00007f8dcb045000 JavaThread "Service Thread" daemon [_thread_blocked, id=22531, stack(0x00007000015d9000,0x00007000016d9000)]
  0x00007f8dcd801000 JavaThread "C1 CompilerThread3" daemon [_thread_blocked, id=22019, stack(0x00007000014d6000,0x00007000015d6000)]
  0x00007f8dcd800000 JavaThread "C2 CompilerThread2" daemon [_thread_blocked, id=21507, stack(0x00007000013d3000,0x00007000014d3000)]
  0x00007f8dcc038800 JavaThread "C2 CompilerThread1" daemon [_thread_blocked, id=20995, stack(0x00007000012d0000,0x00007000013d0000)]
  0x00007f8dcc037000 JavaThread "C2 CompilerThread0" daemon [_thread_blocked, id=20483, stack(0x00007000011cd000,0x00007000012cd000)]
  0x00007f8dcc036000 JavaThread "JDWP Command Reader" daemon [_thread_in_native, id=19971, stack(0x00007000010ca000,0x00007000011ca000)]
  0x00007f8dca02f800 JavaThread "JDWP Event Helper Thread" daemon [_thread_blocked, id=19459, stack(0x0000700000fc7000,0x00007000010c7000)]
  0x00007f8dca02c800 JavaThread "JDWP Transport Listener: dt_socket" daemon [_thread_blocked, id=18947, stack(0x0000700000ec4000,0x0000700000fc4000)]
  0x00007f8dcb035000 JavaThread "Signal Dispatcher" daemon [_thread_blocked, id=15887, stack(0x0000700000dc1000,0x0000700000ec1000)]
  0x00007f8dca01f000 JavaThread "Finalizer" daemon [_thread_blocked, id=14339, stack(0x0000700000c3b000,0x0000700000d3b000)]
  0x00007f8dca01e800 JavaThread "Reference Handler" daemon [_thread_blocked, id=13827, stack(0x0000700000b38000,0x0000700000c38000)]
  0x00007f8dca00d000 JavaThread "main" [_thread_in_native, id=5891, stack(0x000070000011a000,0x000070000021a000)]

Other Threads:
=>0x00007f8dcc031800 VMThread [stack: 0x0000700000a35000,0x0000700000b35000] [id=13315]
  0x00007f8dcb044000 WatcherThread [stack: 0x00007000016dc000,0x00007000017dc000] [id=23043]

VM state:at safepoint (normal execution)

VM Mutex/Monitor currently owned by a thread:  ([mutex/lock_event])
[0x00007f8dc9c02330] Threads_lock - owner thread: 0x00007f8dcc031800

Heap:
 PSYoungGen      total 76288K, used 52525K [0x000000076ab00000, 0x0000000770000000, 0x00000007c0000000)
  eden space 65536K, 80% used [0x000000076ab00000,0x000000076de4b410,0x000000076eb00000)
  from space 10752K, 0% used [0x000000076f580000,0x000000076f580000,0x0000000770000000)
  to   space 10752K, 0% used [0x000000076eb00000,0x000000076eb00000,0x000000076f580000)
 ParOldGen       total 78336K, used 11319K [0x00000006c0000000, 0x00000006c4c80000, 0x000000076ab00000)
  object space 78336K, 14% used [0x00000006c0000000,0x00000006c0b0dd28,0x00000006c4c80000)
 Metaspace       used 26372K, capacity 26818K, committed 27264K, reserved 1073152K
  class space    used 3101K, capacity 3360K, committed 3456K, reserved 1048576K

Card table byte_map: [0x000000011ff49000,0x000000012074a000] byte_map_base: 0x000000011c949000

Marking Bits: (ParMarkBitMap*) 0x00000001104dee20
 Begin Bits: [0x0000000120ca0000, 0x0000000124ca0000)
 End Bits:   [0x0000000124ca0000, 0x0000000128ca0000)

Polling page: 0x000000010eb9d000

CodeCache: size=245760Kb used=6284Kb max_used=6863Kb free=239475Kb
 bounds [0x0000000110b89000, 0x0000000111259000, 0x000000011fb89000]
 total_blobs=2470 nmethods=1885 adapters=506
 compilation: enabled

Compilation events (10 events):
Event: 147.935 Thread 0x00007f8dcd801000 2121       3       java.util.regex.Pattern$CharProperty$1::isSatisfiedBy (17 bytes)
Event: 147.935 Thread 0x00007f8dcd800000 2123       4       sun.misc.URLClassPath$JarLoader::findResource (18 bytes)
Event: 147.935 Thread 0x00007f8dcd801000 nmethod 2121 0x0000000110f3b090 code [0x0000000110f3b200, 0x0000000110f3b488]
Event: 147.936 Thread 0x00007f8dcd801000 2122       3       java.util.regex.Pattern::escape (1151 bytes)
Event: 147.937 Thread 0x00007f8dcd800000 nmethod 2123 0x0000000110d9b9d0 code [0x0000000110d9bb20, 0x0000000110d9bbe8]
Event: 147.943 Thread 0x00007f8dcd801000 nmethod 2122 0x0000000110cfa5d0 code [0x0000000110cfafe0, 0x0000000110d01a88]
Event: 147.943 Thread 0x00007f8dcd801000 2124       3       java.util.Calendar::isFieldSet (14 bytes)
Event: 147.943 Thread 0x00007f8dcd801000 nmethod 2124 0x0000000110f7be90 code [0x0000000110f7c000, 0x0000000110f7c1b0]
Event: 147.943 Thread 0x00007f8dcd801000 2125       3       java.util.regex.Pattern$6::isSatisfiedBy (28 bytes)
Event: 147.944 Thread 0x00007f8dcd801000 nmethod 2125 0x0000000110dba4d0 code [0x0000000110dba660, 0x0000000110dba9f8]

GC Heap History (6 events):
Event: 1.596 GC heap before
{Heap before GC invocations=1 (full 0):
 PSYoungGen      total 76288K, used 65536K [0x000000076ab00000, 0x0000000770000000, 0x00000007c0000000)
  eden space 65536K, 100% used [0x000000076ab00000,0x000000076eb00000,0x000000076eb00000)
  from space 10752K, 0% used [0x000000076f580000,0x000000076f580000,0x0000000770000000)
  to   space 10752K, 0% used [0x000000076eb00000,0x000000076eb00000,0x000000076f580000)
 ParOldGen       total 175104K, used 0K [0x00000006c0000000, 0x00000006cab00000, 0x000000076ab00000)
  object space 175104K, 0% used [0x00000006c0000000,0x00000006c0000000,0x00000006cab00000)
 Metaspace       used 13587K, capacity 13746K, committed 13952K, reserved 1060864K
  class space    used 1551K, capacity 1623K, committed 1664K, reserved 1048576K
Event: 1.604 GC heap after
Heap after GC invocations=1 (full 0):
 PSYoungGen      total 76288K, used 10427K [0x000000076ab00000, 0x0000000770000000, 0x00000007c0000000)
  eden space 65536K, 0% used [0x000000076ab00000,0x000000076ab00000,0x000000076eb00000)
  from space 10752K, 96% used [0x000000076eb00000,0x000000076f52ef78,0x000000076f580000)
  to   space 10752K, 0% used [0x000000076f580000,0x000000076f580000,0x0000000770000000)
 ParOldGen       total 175104K, used 24K [0x00000006c0000000, 0x00000006cab00000, 0x000000076ab00000)
  object space 175104K, 0% used [0x00000006c0000000,0x00000006c0006000,0x00000006cab00000)
 Metaspace       used 13587K, capacity 13746K, committed 13952K, reserved 1060864K
  class space    used 1551K, capacity 1623K, committed 1664K, reserved 1048576K
}
Event: 7.906 GC heap before
{Heap before GC invocations=2 (full 0):
 PSYoungGen      total 76288K, used 61992K [0x000000076ab00000, 0x0000000770000000, 0x00000007c0000000)
  eden space 65536K, 78% used [0x000000076ab00000,0x000000076dd5b170,0x000000076eb00000)
  from space 10752K, 96% used [0x000000076eb00000,0x000000076f52ef78,0x000000076f580000)
  to   space 10752K, 0% used [0x000000076f580000,0x000000076f580000,0x0000000770000000)
 ParOldGen       total 175104K, used 24K [0x00000006c0000000, 0x00000006cab00000, 0x000000076ab00000)
  object space 175104K, 0% used [0x00000006c0000000,0x00000006c0006000,0x00000006cab00000)
 Metaspace       used 20858K, capacity 21084K, committed 21248K, reserved 1069056K
  class space    used 2466K, capacity 2554K, committed 2560K, reserved 1048576K
Event: 7.916 GC heap after
Heap after GC invocations=2 (full 0):
 PSYoungGen      total 76288K, used 10742K [0x000000076ab00000, 0x0000000770000000, 0x00000007c0000000)
  eden space 65536K, 0% used [0x000000076ab00000,0x000000076ab00000,0x000000076eb00000)
  from space 10752K, 99% used [0x000000076f580000,0x000000076fffd968,0x0000000770000000)
  to   space 10752K, 0% used [0x000000076eb00000,0x000000076eb00000,0x000000076f580000)
 ParOldGen       total 175104K, used 1062K [0x00000006c0000000, 0x00000006cab00000, 0x000000076ab00000)
  object space 175104K, 0% used [0x00000006c0000000,0x00000006c01098a0,0x00000006cab00000)
 Metaspace       used 20858K, capacity 21084K, committed 21248K, reserved 1069056K
  class space    used 2466K, capacity 2554K, committed 2560K, reserved 1048576K
}
Event: 7.916 GC heap before
{Heap before GC invocations=3 (full 1):
 PSYoungGen      total 76288K, used 10742K [0x000000076ab00000, 0x0000000770000000, 0x00000007c0000000)
  eden space 65536K, 0% used [0x000000076ab00000,0x000000076ab00000,0x000000076eb00000)
  from space 10752K, 99% used [0x000000076f580000,0x000000076fffd968,0x0000000770000000)
  to   space 10752K, 0% used [0x000000076eb00000,0x000000076eb00000,0x000000076f580000)
 ParOldGen       total 175104K, used 1062K [0x00000006c0000000, 0x00000006cab00000, 0x000000076ab00000)
  object space 175104K, 0% used [0x00000006c0000000,0x00000006c01098a0,0x00000006cab00000)
 Metaspace       used 20858K, capacity 21084K, committed 21248K, reserved 1069056K
  class space    used 2466K, capacity 2554K, committed 2560K, reserved 1048576K
Event: 7.947 GC heap after
Heap after GC invocations=3 (full 1):
 PSYoungGen      total 76288K, used 0K [0x000000076ab00000, 0x0000000770000000, 0x00000007c0000000)
  eden space 65536K, 0% used [0x000000076ab00000,0x000000076ab00000,0x000000076eb00000)
  from space 10752K, 0% used [0x000000076f580000,0x000000076f580000,0x0000000770000000)
  to   space 10752K, 0% used [0x000000076eb00000,0x000000076eb00000,0x000000076f580000)
 ParOldGen       total 78336K, used 11319K [0x00000006c0000000, 0x00000006c4c80000, 0x000000076ab00000)
  object space 78336K, 14% used [0x00000006c0000000,0x00000006c0b0dd28,0x00000006c4c80000)
 Metaspace       used 20858K, capacity 21084K, committed 21248K, reserved 1069056K
  class space    used 2466K, capacity 2554K, committed 2560K, reserved 1048576K
}

Deoptimization events (10 events):
Event: 8.002 Thread 0x00007f8dcb326800 Uncommon trap: reason=unstable_if action=reinterpret pc=0x00000001110440e4 method=java.lang.ClassLoader.checkName(Ljava/lang/String;)Z @ 36
Event: 8.002 Thread 0x00007f8dcb326800 Uncommon trap: reason=unstable_if action=reinterpret pc=0x0000000110da142c method=java.util.BitSet.get(I)Z @ 60
Event: 8.003 Thread 0x00007f8dcb326800 Uncommon trap: reason=unstable_if action=reinterpret pc=0x00000001110a5438 method=java.util.concurrent.ConcurrentHashMap.putVal(Ljava/lang/Object;Ljava/lang/Object;Z)Ljava/lang/Object; @ 206
Event: 8.127 Thread 0x00007f8dcb326800 Uncommon trap: reason=bimorphic action=maybe_recompile pc=0x0000000110fc938c method=java.util.Hashtable.put(Ljava/lang/Object;Ljava/lang/Object;)Ljava/lang/Object; @ 60
Event: 8.355 Thread 0x00007f8dcb326800 Uncommon trap: reason=unstable_if action=reinterpret pc=0x0000000111065d10 method=java.util.HashMap.getNode(ILjava/lang/Object;)Ljava/util/HashMap$Node; @ 53
Event: 8.356 Thread 0x00007f8dcb326800 Uncommon trap: reason=bimorphic action=maybe_recompile pc=0x000000011102f0a4 method=java.util.regex.Pattern$Start.match(Ljava/util/regex/Matcher;ILjava/lang/CharSequence;)Z @ 44
Event: 8.373 Thread 0x00007f8dcb326800 Uncommon trap: reason=unstable_if action=reinterpret pc=0x0000000110deb018 method=java.lang.ref.SoftReference.get()Ljava/lang/Object; @ 17
Event: 123.022 Thread 0x00007f8dcb2f9800 Uncommon trap: reason=range_check action=none pc=0x00000001112010b8 method=org.eclipse.jgit.lib.Config$StringReader.read()I @ 15
Event: 123.022 Thread 0x00007f8dcb2f9800 Uncommon trap: reason=range_check action=none pc=0x00000001112010b8 method=org.eclipse.jgit.lib.Config$StringReader.read()I @ 15
Event: 123.023 Thread 0x00007f8dcb2f9800 Uncommon trap: reason=range_check action=none pc=0x00000001112010b8 method=org.eclipse.jgit.lib.Config$StringReader.read()I @ 15

Internal exceptions (10 events):
Event: 72.523 Thread 0x00007f8dcb326800 Exception <a 'java/lang/NullPointerException'> (0x000000076d770758) thrown at [/Users/java_re/workspace/8-2-build-macosx-x86_64/jdk8u60/4407/hotspot/src/share/vm/interpreter/linkResolver.cpp, line 1178]
Event: 123.022 Thread 0x00007f8dcb2f9800 Exception <a 'java/lang/ArrayIndexOutOfBoundsException': 290> (0x000000076d677118) thrown at [/Users/java_re/workspace/8-2-build-macosx-x86_64/jdk8u60/4407/hotspot/src/share/vm/interpreter/interpreterRuntime.cpp, line 366]
Event: 123.022 Thread 0x00007f8dcb2f9800 Exception <a 'java/lang/ArrayIndexOutOfBoundsException': 385> (0x000000076d67ab88) thrown at [/Users/java_re/workspace/8-2-build-macosx-x86_64/jdk8u60/4407/hotspot/src/share/vm/interpreter/interpreterRuntime.cpp, line 366]
Event: 123.023 Thread 0x00007f8dcb2f9800 Exception <a 'java/lang/ArrayIndexOutOfBoundsException': 290> (0x000000076d67d598) thrown at [/Users/java_re/workspace/8-2-build-macosx-x86_64/jdk8u60/4407/hotspot/src/share/vm/interpreter/interpreterRuntime.cpp, line 366]
Event: 123.023 Thread 0x00007f8dcb2f9800 Exception <a 'sun/nio/fs/UnixException'> (0x000000076d682b58) thrown at [/Users/java_re/workspace/8-2-build-macosx-x86_64/jdk8u60/4407/hotspot/src/share/vm/prims/jni.cpp, line 709]
Event: 123.025 Thread 0x00007f8dcb2f9800 Exception <a 'sun/nio/fs/UnixException'> (0x000000076dc0b7f0) thrown at [/Users/java_re/workspace/8-2-build-macosx-x86_64/jdk8u60/4407/hotspot/src/share/vm/prims/jni.cpp, line 709]
Event: 124.046 Thread 0x00007f8dcb2f9800 Exception <a 'sun/nio/fs/UnixException'> (0x000000076dd3be70) thrown at [/Users/java_re/workspace/8-2-build-macosx-x86_64/jdk8u60/4407/hotspot/src/share/vm/prims/jni.cpp, line 709]
Event: 124.047 Thread 0x00007f8dcb2f9800 Exception <a 'sun/nio/fs/UnixException'> (0x000000076dd4a5e0) thrown at [/Users/java_re/workspace/8-2-build-macosx-x86_64/jdk8u60/4407/hotspot/src/share/vm/prims/jni.cpp, line 709]
Event: 124.047 Thread 0x00007f8dcb2f9800 Exception <a 'sun/nio/fs/UnixException'> (0x000000076dd4b480) thrown at [/Users/java_re/workspace/8-2-build-macosx-x86_64/jdk8u60/4407/hotspot/src/share/vm/prims/jni.cpp, line 709]
Event: 124.048 Thread 0x00007f8dcb2f9800 Exception <a 'sun/nio/fs/UnixException'> (0x000000076dd56090) thrown at [/Users/java_re/workspace/8-2-build-macosx-x86_64/jdk8u60/4407/hotspot/src/share/vm/prims/jni.cpp, line 709]

Events (10 events):
Event: 156.476 Executing VM operation: ChangeBreakpoints done
Event: 156.480 Executing VM operation: EnterInterpOnlyMode
Event: 156.480 Executing VM operation: EnterInterpOnlyMode done
Event: 156.480 Executing VM operation: GetCurrentLocation
Event: 156.480 Executing VM operation: GetCurrentLocation done
Event: 156.480 Executing VM operation: ChangeSingleStep
Event: 156.480 Executing VM operation: ChangeSingleStep done
Event: 156.480 Executing VM operation: ChangeSingleStep
Event: 156.480 Executing VM operation: ChangeSingleStep done
Event: 156.858 Executing VM operation: GetOrSetLocal


Dynamic libraries:
0x0000000005f2f000 	/System/Library/Frameworks/Cocoa.framework/Versions/A/Cocoa
0x0000000005f2f000 	/System/Library/Frameworks/Security.framework/Versions/A/Security
0x0000000005f2f000 	/System/Library/Frameworks/ApplicationServices.framework/Versions/A/ApplicationServices
0x0000000005f2f000 	/usr/lib/libz.1.dylib
0x0000000005f2f000 	/usr/lib/libSystem.B.dylib
0x0000000005f2f000 	/usr/lib/libobjc.A.dylib
0x0000000005f2f000 	/System/Library/Frameworks/CoreFoundation.framework/Versions/A/CoreFoundation
0x0000000005f2f000 	/System/Library/Frameworks/Foundation.framework/Versions/C/Foundation
0x0000000005f2f000 	/System/Library/Frameworks/AppKit.framework/Versions/C/AppKit
0x0000000005f2f000 	/System/Library/Frameworks/CoreData.framework/Versions/A/CoreData
0x0000000005f2f000 	/System/Library/PrivateFrameworks/RemoteViewServices.framework/Versions/A/RemoteViewServices
0x0000000005f2f000 	/System/Library/PrivateFrameworks/UIFoundation.framework/Versions/A/UIFoundation
0x0000000005f2f000 	/usr/lib/libScreenReader.dylib
0x0000000005f2f000 	/System/Library/Frameworks/Accelerate.framework/Versions/A/Accelerate
0x0000000005f2f000 	/System/Library/Frameworks/IOSurface.framework/Versions/A/IOSurface
0x0000000005f2f000 	/System/Library/Frameworks/AudioToolbox.framework/Versions/A/AudioToolbox
0x0000000005f2f000 	/System/Library/Frameworks/AudioUnit.framework/Versions/A/AudioUnit
0x0000000005f2f000 	/System/Library/PrivateFrameworks/DataDetectorsCore.framework/Versions/A/DataDetectorsCore
0x0000000005f2f000 	/System/Library/PrivateFrameworks/DesktopServicesPriv.framework/Versions/A/DesktopServicesPriv
0x0000000005f2f000 	/System/Library/Frameworks/Carbon.framework/Versions/A/Frameworks/HIToolbox.framework/Versions/A/HIToolbox
0x0000000005f2f000 	/System/Library/Frameworks/QuartzCore.framework/Versions/A/QuartzCore
0x0000000005f2f000 	/System/Library/Frameworks/Carbon.framework/Versions/A/Frameworks/SpeechRecognition.framework/Versions/A/SpeechRecognition
0x0000000005f2f000 	/usr/lib/libauto.dylib
0x0000000005f2f000 	/usr/lib/libicucore.A.dylib
0x0000000005f2f000 	/usr/lib/libxml2.2.dylib
0x0000000005f2f000 	/System/Library/PrivateFrameworks/CoreUI.framework/Versions/A/CoreUI
0x0000000005f2f000 	/System/Library/Frameworks/CoreAudio.framework/Versions/A/CoreAudio
0x0000000005f2f000 	/System/Library/Frameworks/DiskArbitration.framework/Versions/A/DiskArbitration
0x0000000005f2f000 	/usr/lib/liblangid.dylib
0x0000000005f2f000 	/System/Library/PrivateFrameworks/MultitouchSupport.framework/Versions/A/MultitouchSupport
0x0000000005f2f000 	/System/Library/Frameworks/IOKit.framework/Versions/A/IOKit
0x0000000005f2f000 	/usr/lib/libDiagnosticMessagesClient.dylib
0x0000000005f2f000 	/System/Library/Frameworks/CoreServices.framework/Versions/A/CoreServices
0x0000000005f2f000 	/System/Library/PrivateFrameworks/PerformanceAnalysis.framework/Versions/A/PerformanceAnalysis
0x0000000005f2f000 	/System/Library/PrivateFrameworks/GenerationalStorage.framework/Versions/A/GenerationalStorage
0x0000000005f2f000 	/System/Library/Frameworks/OpenGL.framework/Versions/A/OpenGL
0x0000000005f2f000 	/System/Library/PrivateFrameworks/Sharing.framework/Versions/A/Sharing
0x0000000005f2f000 	/System/Library/Frameworks/CoreGraphics.framework/Versions/A/CoreGraphics
0x0000000005f2f000 	/System/Library/Frameworks/CoreImage.framework/Versions/A/CoreImage
0x0000000005f2f000 	/System/Library/Frameworks/CoreText.framework/Versions/A/CoreText
0x0000000005f2f000 	/System/Library/Frameworks/ImageIO.framework/Versions/A/ImageIO
0x0000000005f2f000 	/System/Library/PrivateFrameworks/Backup.framework/Versions/A/Backup
0x0000000005f2f000 	/usr/lib/libextension.dylib
0x0000000005f2f000 	/usr/lib/libarchive.2.dylib
0x0000000005f2f000 	/System/Library/Frameworks/CFNetwork.framework/Versions/A/CFNetwork
0x0000000005f2f000 	/System/Library/Frameworks/SystemConfiguration.framework/Versions/A/SystemConfiguration
0x0000000005f2f000 	/usr/lib/libCRFSuite.dylib
0x0000000005f2f000 	/usr/lib/libc++.1.dylib
0x0000000005f2f000 	/usr/lib/libc++abi.dylib
0x0000000005f2f000 	/usr/lib/system/libcache.dylib
0x0000000005f2f000 	/usr/lib/system/libcommonCrypto.dylib
0x0000000005f2f000 	/usr/lib/system/libcompiler_rt.dylib
0x0000000005f2f000 	/usr/lib/system/libcopyfile.dylib
0x0000000005f2f000 	/usr/lib/system/libcorecrypto.dylib
0x0000000005f2f000 	/usr/lib/system/libdispatch.dylib
0x0000000005f2f000 	/usr/lib/system/libdyld.dylib
0x0000000005f2f000 	/usr/lib/system/libkeymgr.dylib
0x0000000005f2f000 	/usr/lib/system/liblaunch.dylib
0x0000000005f2f000 	/usr/lib/system/libmacho.dylib
0x0000000005f2f000 	/usr/lib/system/libquarantine.dylib
0x0000000005f2f000 	/usr/lib/system/libremovefile.dylib
0x0000000005f2f000 	/usr/lib/system/libsystem_asl.dylib
0x0000000005f2f000 	/usr/lib/system/libsystem_blocks.dylib
0x0000000005f2f000 	/usr/lib/system/libsystem_c.dylib
0x0000000005f2f000 	/usr/lib/system/libsystem_configuration.dylib
0x0000000005f2f000 	/usr/lib/system/libsystem_coreservices.dylib
0x0000000005f2f000 	/usr/lib/system/libsystem_coretls.dylib
0x0000000005f2f000 	/usr/lib/system/libsystem_dnssd.dylib
0x0000000005f2f000 	/usr/lib/system/libsystem_info.dylib
0x0000000005f2f000 	/usr/lib/system/libsystem_kernel.dylib
0x0000000005f2f000 	/usr/lib/system/libsystem_m.dylib
0x0000000005f2f000 	/usr/lib/system/libsystem_malloc.dylib
0x0000000005f2f000 	/usr/lib/system/libsystem_network.dylib
0x0000000005f2f000 	/usr/lib/system/libsystem_networkextension.dylib
0x0000000005f2f000 	/usr/lib/system/libsystem_notify.dylib
0x0000000005f2f000 	/usr/lib/system/libsystem_platform.dylib
0x0000000005f2f000 	/usr/lib/system/libsystem_pthread.dylib
0x0000000005f2f000 	/usr/lib/system/libsystem_sandbox.dylib
0x0000000005f2f000 	/usr/lib/system/libsystem_secinit.dylib
0x0000000005f2f000 	/usr/lib/system/libsystem_trace.dylib
0x0000000005f2f000 	/usr/lib/system/libunc.dylib
0x0000000005f2f000 	/usr/lib/system/libunwind.dylib
0x0000000005f2f000 	/usr/lib/system/libxpc.dylib
0x0000000005f2f000 	/usr/lib/libenergytrace.dylib
0x0000000005f2f000 	/usr/lib/libbsm.0.dylib
0x0000000005f2f000 	/usr/lib/system/libkxld.dylib
0x0000000005f2f000 	/usr/lib/libxar.1.dylib
0x0000000005f2f000 	/usr/lib/libsqlite3.dylib
0x0000000005f2f000 	/usr/lib/libpam.2.dylib
0x0000000005f2f000 	/usr/lib/libOpenScriptingUtil.dylib
0x0000000005f2f000 	/usr/lib/libbz2.1.0.dylib
0x0000000005f2f000 	/usr/lib/liblzma.5.dylib
0x0000000005f2f000 	/System/Library/Frameworks/CoreServices.framework/Versions/A/Frameworks/FSEvents.framework/Versions/A/FSEvents
0x0000000005f2f000 	/System/Library/Frameworks/CoreServices.framework/Versions/A/Frameworks/CarbonCore.framework/Versions/A/CarbonCore
0x0000000005f2f000 	/System/Library/Frameworks/CoreServices.framework/Versions/A/Frameworks/Metadata.framework/Versions/A/Metadata
0x0000000005f2f000 	/System/Library/Frameworks/CoreServices.framework/Versions/A/Frameworks/OSServices.framework/Versions/A/OSServices
0x0000000005f2f000 	/System/Library/Frameworks/CoreServices.framework/Versions/A/Frameworks/SearchKit.framework/Versions/A/SearchKit
0x0000000005f2f000 	/System/Library/Frameworks/CoreServices.framework/Versions/A/Frameworks/AE.framework/Versions/A/AE
0x0000000005f2f000 	/System/Library/Frameworks/CoreServices.framework/Versions/A/Frameworks/LaunchServices.framework/Versions/A/LaunchServices
0x0000000005f2f000 	/System/Library/Frameworks/CoreServices.framework/Versions/A/Frameworks/DictionaryServices.framework/Versions/A/DictionaryServices
0x0000000005f2f000 	/System/Library/Frameworks/CoreServices.framework/Versions/A/Frameworks/SharedFileList.framework/Versions/A/SharedFileList
0x0000000005f2f000 	/System/Library/Frameworks/NetFS.framework/Versions/A/NetFS
0x0000000005f2f000 	/System/Library/PrivateFrameworks/NetAuth.framework/Versions/A/NetAuth
0x0000000005f2f000 	/System/Library/PrivateFrameworks/login.framework/Versions/A/Frameworks/loginsupport.framework/Versions/A/loginsupport
0x0000000005f2f000 	/System/Library/PrivateFrameworks/TCC.framework/Versions/A/TCC
0x0000000005f2f000 	/usr/lib/libmecabra.dylib
0x0000000005f2f000 	/System/Library/Frameworks/ApplicationServices.framework/Versions/A/Frameworks/ATS.framework/Versions/A/ATS
0x0000000005f2f000 	/System/Library/Frameworks/ApplicationServices.framework/Versions/A/Frameworks/ColorSync.framework/Versions/A/ColorSync
0x0000000005f2f000 	/System/Library/Frameworks/ApplicationServices.framework/Versions/A/Frameworks/HIServices.framework/Versions/A/HIServices
0x0000000005f2f000 	/System/Library/Frameworks/ApplicationServices.framework/Versions/A/Frameworks/LangAnalysis.framework/Versions/A/LangAnalysis
0x0000000005f2f000 	/System/Library/Frameworks/ApplicationServices.framework/Versions/A/Frameworks/PrintCore.framework/Versions/A/PrintCore
0x0000000005f2f000 	/System/Library/Frameworks/ApplicationServices.framework/Versions/A/Frameworks/QD.framework/Versions/A/QD
0x0000000005f2f000 	/System/Library/Frameworks/ApplicationServices.framework/Versions/A/Frameworks/SpeechSynthesis.framework/Versions/A/SpeechSynthesis
0x0000000005f2f000 	/System/Library/Frameworks/Metal.framework/Versions/A/Metal
0x0000000005f2f000 	/System/Library/Frameworks/Accelerate.framework/Versions/A/Frameworks/vImage.framework/Versions/A/vImage
0x0000000005f2f000 	/System/Library/Frameworks/Accelerate.framework/Versions/A/Frameworks/vecLib.framework/Versions/A/vecLib
0x0000000005f2f000 	/System/Library/Frameworks/Accelerate.framework/Versions/A/Frameworks/vecLib.framework/Versions/A/libvDSP.dylib
0x0000000005f2f000 	/System/Library/Frameworks/Accelerate.framework/Versions/A/Frameworks/vecLib.framework/Versions/A/libvMisc.dylib
0x0000000005f2f000 	/System/Library/Frameworks/Accelerate.framework/Versions/A/Frameworks/vecLib.framework/Versions/A/libLAPACK.dylib
0x0000000005f2f000 	/System/Library/Frameworks/Accelerate.framework/Versions/A/Frameworks/vecLib.framework/Versions/A/libBLAS.dylib
0x0000000005f2f000 	/System/Library/Frameworks/Accelerate.framework/Versions/A/Frameworks/vecLib.framework/Versions/A/libLinearAlgebra.dylib
0x0000000005f2f000 	/System/Library/Frameworks/Accelerate.framework/Versions/A/Frameworks/vecLib.framework/Versions/A/libSparseBLAS.dylib
0x0000000005f2f000 	/System/Library/PrivateFrameworks/GPUCompiler.framework/libmetal_timestamp.dylib
0x0000000005f2f000 	/System/Library/Frameworks/OpenGL.framework/Versions/A/Libraries/libCoreFSCache.dylib
0x0000000005f2f000 	/System/Library/PrivateFrameworks/IOAccelerator.framework/Versions/A/IOAccelerator
0x0000000005f2f000 	/System/Library/Frameworks/ApplicationServices.framework/Versions/A/Frameworks/ATS.framework/Versions/A/Resources/libFontParser.dylib
0x0000000005f2f000 	/System/Library/Frameworks/ApplicationServices.framework/Versions/A/Frameworks/ATS.framework/Versions/A/Resources/libFontRegistry.dylib
0x0000000005f2f000 	/System/Library/PrivateFrameworks/AppleVPA.framework/Versions/A/AppleVPA
0x0000000005f2f000 	/System/Library/PrivateFrameworks/AppleJPEG.framework/Versions/A/AppleJPEG
0x0000000005f2f000 	/System/Library/Frameworks/ImageIO.framework/Versions/A/Resources/libJPEG.dylib
0x0000000005f2f000 	/System/Library/Frameworks/ImageIO.framework/Versions/A/Resources/libTIFF.dylib
0x0000000005f2f000 	/System/Library/Frameworks/ImageIO.framework/Versions/A/Resources/libPng.dylib
0x0000000005f2f000 	/System/Library/Frameworks/ImageIO.framework/Versions/A/Resources/libGIF.dylib
0x0000000005f2f000 	/System/Library/Frameworks/ImageIO.framework/Versions/A/Resources/libJP2.dylib
0x0000000005f2f000 	/System/Library/Frameworks/ImageIO.framework/Versions/A/Resources/libRadiance.dylib
0x0000000005f2f000 	/System/Library/Frameworks/CoreVideo.framework/Versions/A/CoreVideo
0x0000000005f2f000 	/System/Library/Frameworks/OpenGL.framework/Versions/A/Libraries/libGLU.dylib
0x0000000005f2f000 	/System/Library/Frameworks/OpenGL.framework/Versions/A/Libraries/libGFXShared.dylib
0x0000000005f2f000 	/System/Library/Frameworks/OpenGL.framework/Versions/A/Libraries/libGL.dylib
0x0000000005f2f000 	/System/Library/Frameworks/OpenGL.framework/Versions/A/Libraries/libGLImage.dylib
0x0000000005f2f000 	/System/Library/Frameworks/OpenGL.framework/Versions/A/Libraries/libCVMSPluginSupport.dylib
0x0000000005f2f000 	/System/Library/Frameworks/OpenGL.framework/Versions/A/Libraries/libCoreVMClient.dylib
0x0000000005f2f000 	/usr/lib/libcups.2.dylib
0x0000000005f2f000 	/System/Library/Frameworks/Kerberos.framework/Versions/A/Kerberos
0x0000000005f2f000 	/System/Library/Frameworks/GSS.framework/Versions/A/GSS
0x0000000005f2f000 	/usr/lib/libresolv.9.dylib
0x0000000005f2f000 	/usr/lib/libiconv.2.dylib
0x0000000005f2f000 	/System/Library/PrivateFrameworks/Heimdal.framework/Versions/A/Heimdal
0x0000000005f2f000 	/usr/lib/libheimdal-asn1.dylib
0x0000000005f2f000 	/System/Library/Frameworks/OpenDirectory.framework/Versions/A/OpenDirectory
0x0000000005f2f000 	/System/Library/PrivateFrameworks/CommonAuth.framework/Versions/A/CommonAuth
0x0000000005f2f000 	/System/Library/Frameworks/OpenDirectory.framework/Versions/A/Frameworks/CFOpenDirectory.framework/Versions/A/CFOpenDirectory
0x0000000005f2f000 	/System/Library/Frameworks/SecurityFoundation.framework/Versions/A/SecurityFoundation
0x0000000005f2f000 	/System/Library/PrivateFrameworks/LanguageModeling.framework/Versions/A/LanguageModeling
0x0000000005f2f000 	/usr/lib/libmarisa.dylib
0x0000000005f2f000 	/usr/lib/libChineseTokenizer.dylib
0x0000000005f2f000 	/usr/lib/libcmph.dylib
0x0000000005f2f000 	/usr/lib/libcompression.dylib
0x0000000005f2f000 	/System/Library/Frameworks/ServiceManagement.framework/Versions/A/ServiceManagement
0x0000000005f2f000 	/usr/lib/libxslt.1.dylib
0x0000000005f2f000 	/System/Library/Frameworks/Carbon.framework/Versions/A/Frameworks/Ink.framework/Versions/A/Ink
0x0000000005f2f000 	/usr/lib/libFosl_dynamic.dylib
0x0000000005f2f000 	/System/Library/PrivateFrameworks/FaceCore.framework/Versions/A/FaceCore
0x0000000005f2f000 	/System/Library/Frameworks/OpenCL.framework/Versions/A/OpenCL
0x0000000005f2f000 	/System/Library/PrivateFrameworks/CrashReporterSupport.framework/Versions/A/CrashReporterSupport
0x0000000005f2f000 	/System/Library/PrivateFrameworks/IconServices.framework/Versions/A/IconServices
0x0000000005f2f000 	/System/Library/PrivateFrameworks/Apple80211.framework/Versions/A/Apple80211
0x0000000005f2f000 	/System/Library/Frameworks/CoreWLAN.framework/Versions/A/CoreWLAN
0x0000000005f2f000 	/System/Library/Frameworks/IOBluetooth.framework/Versions/A/IOBluetooth
0x0000000005f2f000 	/System/Library/PrivateFrameworks/CoreWiFi.framework/Versions/A/CoreWiFi
0x0000000005f2f000 	/System/Library/Frameworks/CoreBluetooth.framework/Versions/A/CoreBluetooth
0x0000000005f2f000 	/System/Library/PrivateFrameworks/ChunkingLibrary.framework/Versions/A/ChunkingLibrary
0x0000000005f2f000 	/System/Library/PrivateFrameworks/DebugSymbols.framework/Versions/A/DebugSymbols
0x0000000005f2f000 	/System/Library/PrivateFrameworks/CoreSymbolication.framework/Versions/A/CoreSymbolication
0x0000000005f2f000 	/System/Library/PrivateFrameworks/Symbolication.framework/Versions/A/Symbolication
0x0000000005f2f000 	/System/Library/PrivateFrameworks/SpeechRecognitionCore.framework/Versions/A/SpeechRecognitionCore
0x000000010fc00000 	/Library/Java/JavaVirtualMachines/jdk1.8.0_60.jdk/Contents/Home/jre/lib/server/libjvm.dylib
0x0000000005f2f000 	/usr/lib/libstdc++.6.dylib
0x000000010eb5a000 	/Library/Java/JavaVirtualMachines/jdk1.8.0_60.jdk/Contents/Home/jre/lib/libverify.dylib
0x000000010eb68000 	/Library/Java/JavaVirtualMachines/jdk1.8.0_60.jdk/Contents/Home/jre/lib/libjava.dylib
0x000000010eb9e000 	/Library/Java/JavaVirtualMachines/jdk1.8.0_60.jdk/Contents/Home/jre/lib/libjdwp.dylib
0x000000010ebe9000 	/Library/Java/JavaVirtualMachines/jdk1.8.0_60.jdk/Contents/Home/jre/lib/libnpt.dylib
0x000000010ebf6000 	/Library/Java/JavaVirtualMachines/jdk1.8.0_60.jdk/Contents/Home/jre/lib/libzip.dylib
0x000000012bc3e000 	/System/Library/Frameworks/JavaVM.framework/Frameworks/JavaRuntimeSupport.framework/JavaRuntimeSupport
0x000000012bc59000 	/System/Library/Frameworks/JavaVM.framework/Versions/A/Frameworks/JavaNativeFoundation.framework/Versions/A/JavaNativeFoundation
0x000000012bc6e000 	/System/Library/Frameworks/JavaVM.framework/Versions/A/JavaVM
0x0000000005f2f000 	/System/Library/Frameworks/Carbon.framework/Versions/A/Carbon
0x000000012bc7b000 	/System/Library/PrivateFrameworks/JavaLaunching.framework/Versions/A/JavaLaunching
0x0000000005f2f000 	/System/Library/Frameworks/Carbon.framework/Versions/A/Frameworks/CommonPanels.framework/Versions/A/CommonPanels
0x0000000005f2f000 	/System/Library/Frameworks/Carbon.framework/Versions/A/Frameworks/Help.framework/Versions/A/Help
0x0000000005f2f000 	/System/Library/Frameworks/Carbon.framework/Versions/A/Frameworks/ImageCapture.framework/Versions/A/ImageCapture
0x0000000005f2f000 	/System/Library/Frameworks/Carbon.framework/Versions/A/Frameworks/OpenScripting.framework/Versions/A/OpenScripting
0x0000000005f2f000 	/System/Library/Frameworks/Carbon.framework/Versions/A/Frameworks/Print.framework/Versions/A/Print
0x0000000005f2f000 	/System/Library/Frameworks/Carbon.framework/Versions/A/Frameworks/SecurityHI.framework/Versions/A/SecurityHI
0x000000012bc89000 	/Library/Java/JavaVirtualMachines/jdk1.8.0_60.jdk/Contents/Home/jre/lib/libdt_socket.dylib
0x000000012da04000 	/Library/Java/JavaVirtualMachines/jdk1.8.0_60.jdk/Contents/Home/jre/lib/libmanagement.dylib
0x000000012d7a7000 	/Library/Java/JavaVirtualMachines/jdk1.8.0_60.jdk/Contents/Home/jre/lib/libnio.dylib
0x000000012d7b7000 	/Library/Java/JavaVirtualMachines/jdk1.8.0_60.jdk/Contents/Home/jre/lib/./libnet.dylib
0x000000012d7ce000 	/Library/Java/JavaVirtualMachines/jdk1.8.0_60.jdk/Contents/Home/jre/lib/libsunec.dylib

VM Arguments:
jvm_args: -agentlib:jdwp=transport=dt_socket,suspend=y,address=localhost:51985 -Dfile.encoding=UTF-8 
java_command: net.riezebos.thoth.server.Thoth /Users/wido/Documents/Settings/wido.configuration.properties
java_class_path (initial): /Users/wido/Repositories/Thoth/thoth-modules/thoth-standalone/target/classes:/Users/wido/Repositories/Thoth/thoth-modules/thoth-core/target/classes:/Users/wido/Repositories/Thoth/thoth-modules/thoth-lib/target/classes:/Users/wido/.m2/repository/org/jasypt/jasypt/1.9.2/jasypt-1.9.2.jar:/Users/wido/.m2/repository/org/pegdown/pegdown/1.6.0/pegdown-1.6.0.jar:/Users/wido/.m2/repository/org/parboiled/parboiled-java/1.1.7/parboiled-java-1.1.7.jar:/Users/wido/.m2/repository/org/parboiled/parboiled-core/1.1.7/parboiled-core-1.1.7.jar:/Users/wido/.m2/repository/org/ow2/asm/asm/5.0.3/asm-5.0.3.jar:/Users/wido/.m2/repository/org/ow2/asm/asm-tree/5.0.3/asm-tree-5.0.3.jar:/Users/wido/.m2/repository/org/ow2/asm/asm-analysis/5.0.3/asm-analysis-5.0.3.jar:/Users/wido/.m2/repository/org/ow2/asm/asm-util/5.0.3/asm-util-5.0.3.jar:/Users/wido/.m2/repository/org/apache/commons/commons-lang3/3.4/commons-lang3-3.4.jar:/Users/wido/.m2/repository/commons-io/commons-io/2.4/commons-io-2.4.jar:/Users/wido/.m2/repository/com/fasterxml/jackson/core/jackson-databind/2.7.0/jackson-databind-2.7.0.jar:/Users/wido/.m2/repository/com/fasterxml/jackson/core/jackson-annotations/2.7.0/jackson-annotations-2.7.0.jar:/Users/wido/.m2/repository/com/fasterxml/jackson/core/jackson-core/2.7.0/jackson-core-2.7.0.jar:/Users/wido/.m2/repository/org/apache/lucene/lucene-core/5.4.0/lucene-core-5.4.0.jar:/Users/wido/.m2/repository/org/apache/lucene/lucene-queryparser/5.4.0/lucene-queryparser-5.4.0.jar:/Users/wido/.m2/repository/org/apache/lucene/lucene-queries/5.4.0/lucene-queries-5.4.0.jar:/Users/wido/.m2/repository/org/apache/lucene/lucene-sandbox/5.4.0/lucene-sandbox-5.4.0.jar:/Users/wido/.m2/repository/org/apache/lucene/lucene-analyzers-common/5.4.0/lucene-analyzers-common-5.4.0.jar:/Users/wido/.m2/repository/org/apache/lucene/lucene-highlighter/5.4.0/lucene-highlighter-5.4.0.jar:/Users/wido/.m2/repository/org/apache/lucene/lucene-join/5.4.0/lucene-join-5.4.0.jar:/Users/wido/.m2/reposit
Launcher Type: SUN_STANDARD

Environment Variables:
PATH=/usr/bin:/bin:/usr/sbin:/sbin
SHELL=/bin/bash

Signal Handlers:
SIGSEGV: [libjvm.dylib+0x5a6d31], sa_mask[0]=11111111011111110111111111111111, sa_flags=SA_ONSTACK|SA_RESTART|SA_SIGINFO
SIGBUS: [libjvm.dylib+0x5a6d31], sa_mask[0]=11111111011111110111111111111111, sa_flags=SA_RESTART|SA_SIGINFO
SIGFPE: [libjvm.dylib+0x480a4c], sa_mask[0]=11111111011111110111111111111111, sa_flags=SA_RESTART|SA_SIGINFO
SIGPIPE: [libjvm.dylib+0x480a4c], sa_mask[0]=11111111011111110111111111111111, sa_flags=SA_RESTART|SA_SIGINFO
SIGXFSZ: [libjvm.dylib+0x480a4c], sa_mask[0]=11111111011111110111111111111111, sa_flags=SA_RESTART|SA_SIGINFO
SIGILL: [libjvm.dylib+0x480a4c], sa_mask[0]=11111111011111110111111111111111, sa_flags=SA_RESTART|SA_SIGINFO
SIGUSR1: SIG_DFL, sa_mask[0]=00000000000000000000000000000000, sa_flags=none
SIGUSR2: [libjvm.dylib+0x48056a], sa_mask[0]=00100000000000000000000000000000, sa_flags=SA_RESTART|SA_SIGINFO
SIGHUP: [libjvm.dylib+0x47eb41], sa_mask[0]=11111111011111110111111111111111, sa_flags=SA_RESTART|SA_SIGINFO
SIGINT: [libjvm.dylib+0x47eb41], sa_mask[0]=11111111011111110111111111111111, sa_flags=SA_RESTART|SA_SIGINFO
SIGTERM: [libjvm.dylib+0x47eb41], sa_mask[0]=11111111011111110111111111111111, sa_flags=SA_RESTART|SA_SIGINFO
SIGQUIT: [libjvm.dylib+0x47eb41], sa_mask[0]=11111111011111110111111111111111, sa_flags=SA_RESTART|SA_SIGINFO


---------------  S Y S T E M  ---------------

OS:Bsduname:Darwin 15.3.0 Darwin Kernel Version 15.3.0: Thu Dec 10 18:40:58 PST 2015; root:xnu-3248.30.4~1/RELEASE_X86_64 x86_64
rlimit: STACK 8192k, CORE 0k, NPROC 709, NOFILE 10240, AS infinity
load average:2.13 1.74 1.62

CPU:total 8 (4 cores per cpu, 2 threads per core) family 6 model 70 stepping 1, cmov, cx8, fxsr, mmx, sse, sse2, sse3, ssse3, sse4.1, sse4.2, popcnt, avx, avx2, aes, clmul, erms, lzcnt, ht, tsc, tscinvbit, bmi1, bmi2

Memory: 4k page, physical 16777216k(2005816k free)

/proc/meminfo:


vm_info: Java HotSpot(TM) 64-Bit Server VM (25.60-b23) for bsd-amd64 JRE (1.8.0_60-b27), built on Aug  4 2015 10:47:24 by "java_re" with gcc 4.2.1 (Based on Apple Inc. build 5658) (LLVM build 2336.11.00)

time: Fri Mar  4 11:31:06 2016
elapsed time: 156 seconds (0d 0h 2m 36s)

